<?xml version="1.0" encoding="UTF-8"?>
<!-- Generated by org.testng.reporters.JUnitReportReporter -->
<testsuite hostname="Administrators-MacBook-Pro.local" failures="0" tests="3" name="com.trio.assignment.apiTest.ApiTest" time="6.085" errors="0" timestamp="2024-07-13T19:39:29 IST" skipped="0">
  <testcase classname="com.trio.assignment.apiTest.ApiTest" name="LoginAPITest" time="4.457"/>
  <system-out/>
  <testcase classname="com.trio.assignment.apiTest.ApiTest" name="EnrollAndroidAPITest" time="0.964"/>
  <system-out/>
  <testcase classname="com.trio.assignment.apiTest.ApiTest" name="AgentLogingAPITest" time="0.664"/>
  <system-out/>
</testsuite> <!-- com.trio.assignment.apiTest.ApiTest -->
